Welcome and thank you for choosing the Revature Banking Application
--------------------------------------------------------------------
1. New Customer? Want To Open An Account
2. Returning Customer? 
3. Employees Only
4. Exit Application
Enter your choice : 

Opening New Account Instructions
-----------------------------
1. Enter General Information
2. Open New Accounts
3. Enter Email Address For Updates and Alerts
4. Create Username And Password Login
5. Deposit Starting Balance
6. Exit Instructions
Please enter FirstName : 
Please enter MiddleName : 
Entered Last Name is INVALID!!
Please enter LastName : 
Entered Last Name is INVALID!!
Please enter Date Of Birth : 
Entered Date of Birth is INVALID!!
Please enter Customer Address : 
Entered Customer Address is INVALID!!
Please enter City : 
Entered Customer Address is INVALID!!

Opening New Account Instructions
-----------------------------
1. Enter General Information
2. Open New Accounts
3. Enter Email Address For Updates and Alerts
4. Create Username And Password Login
5. Deposit Starting Balance
6. Exit Instructions
Please enter FirstName : 
Entered First Name is INVALID!!
Please enter MiddleName : 
Welcome and thank you for choosing the Revature Banking Application
--------------------------------------------------------------------
1. New Customer? Want To Open An Account
2. Returning Customer? 
3. Employees Only
4. Exit Application
Enter your choice : 

Opening New Account Instructions
-----------------------------
1. Enter General Information
2. Open New Accounts
3. Enter Email Address For Updates and Alerts
4. Create Username And Password Login
5. Deposit Starting Balance
6. Exit Instructions
Please enter FirstName : 
Please enter MiddleName : 
Entered Middle Name is INVALID!!
Please enter LastName : 
Welcome and thank you for choosing the Revature Banking Application
--------------------------------------------------------------------
1. New Customer? Want To Open An Account
2. Returning Customer? 
3. Employees Only
4. Exit Application
Enter your choice : 

Opening New Account Instructions
-----------------------------
1. Enter General Information
2. Open New Accounts
3. Enter Email Address For Updates and Alerts
4. Create Username And Password Login
5. Deposit Starting Balance
6. Exit Instructions
Please enter FirstName : 
Please enter MiddleName : 
Entered Middle Name is INVALID!!
Please enter LastName : 
Welcome and thank you for choosing the Revature Banking Application
--------------------------------------------------------------------
1. New Customer? Want To Open An Account
2. Returning Customer? 
3. Employees Only
4. Exit Application
Enter your choice : 

Opening New Account Instructions
-----------------------------
1. Enter General Information
2. Open New Accounts
3. Enter Email Address For Updates and Alerts
4. Create Username And Password Login
5. Deposit Starting Balance
6. Exit Instructions
Please enter FirstName : 
Please enter LastName : 
Please enter Date Of Birth : 
Internal error occurred contact SYSADMIN
Please enter Customer Address : 
Welcome and thank you for choosing the Revature Banking Application
--------------------------------------------------------------------
1. New Customer? Want To Open An Account
2. Returning Customer? 
3. Employees Only
4. Exit Application
Enter your choice : 

Opening New Account Instructions
-----------------------------
1. Enter General Information
2. Open New Accounts
3. Enter Email Address For Updates and Alerts
4. Create Username And Password Login
5. Deposit Starting Balance
6. Exit Instructions
Please enter FirstName : 
Please enter LastName : 
Please enter Date Of Birth : 
Please enter Customer Address : 
Entered Customer Address is INVALID!!
Please enter City : 
Welcome and thank you for choosing the Revature Banking Application
--------------------------------------------------------------------
1. New Customer? Want To Open An Account
2. Returning Customer? 
3. Employees Only
4. Exit Application
Enter your choice : 

Opening New Account Instructions
-----------------------------
1. Enter General Information
2. Open New Accounts
3. Enter Email Address For Updates and Alerts
4. Create Username And Password Login
5. Deposit Starting Balance
6. Exit Instructions
Please enter FirstName : 
Please enter LastName : 
Please enter Date Of Birth : 
Please enter Customer Address : 
Internal error occurred contact SYSADMIN
Please enter City : 
Welcome and thank you for choosing the Revature Banking Application
--------------------------------------------------------------------
1. New Customer? Want To Open An Account
2. Returning Customer? 
3. Employees Only
4. Exit Application
Enter your choice : 

Opening New Account Instructions
-----------------------------
1. Enter General Information
2. Open New Accounts
3. Enter Email Address For Updates and Alerts
4. Create Username And Password Login
5. Deposit Starting Balance
6. Exit Instructions
Please enter Customer Address : 
Internal error occurred contact SYSADMIN

Opening New Account Instructions
-----------------------------
1. Enter General Information
2. Open New Accounts
3. Enter Email Address For Updates and Alerts
4. Create Username And Password Login
5. Deposit Starting Balance
6. Exit Instructions
Welcome and thank you for choosing the Revature Banking Application
--------------------------------------------------------------------
1. New Customer? Want To Open An Account
2. Returning Customer? 
3. Employees Only
4. Exit Application
Enter your choice : 

Opening New Account Instructions
-----------------------------
1. Enter General Information
2. Open New Accounts
3. Enter Email Address For Updates and Alerts
4. Create Username And Password Login
5. Deposit Starting Balance
6. Exit Instructions
Please enter Customer Address : 
Entered Customer Address is INVALID!!

Opening New Account Instructions
-----------------------------
1. Enter General Information
2. Open New Accounts
3. Enter Email Address For Updates and Alerts
4. Create Username And Password Login
5. Deposit Starting Balance
6. Exit Instructions
Welcome and thank you for choosing the Revature Banking Application
--------------------------------------------------------------------
1. New Customer? Want To Open An Account
2. Returning Customer? 
3. Employees Only
4. Exit Application
Enter your choice : 

Opening New Account Instructions
-----------------------------
1. Enter General Information
2. Open New Accounts
3. Enter Email Address For Updates and Alerts
4. Create Username And Password Login
5. Deposit Starting Balance
6. Exit Instructions
Please enter Customer Address : 
Entered Customer Address is INVALID!!

Opening New Account Instructions
-----------------------------
1. Enter General Information
2. Open New Accounts
3. Enter Email Address For Updates and Alerts
4. Create Username And Password Login
5. Deposit Starting Balance
6. Exit Instructions
Welcome and thank you for choosing the Revature Banking Application
--------------------------------------------------------------------
1. New Customer? Want To Open An Account
2. Returning Customer? 
3. Employees Only
4. Exit Application
Enter your choice : 

Opening New Account Instructions
-----------------------------
1. Enter General Information
2. Open New Accounts
3. Enter Email Address For Updates and Alerts
4. Create Username And Password Login
5. Deposit Starting Balance
6. Exit Instructions
Please enter Customer Address : 
Entered Customer Address is INVALID!!

Opening New Account Instructions
-----------------------------
1. Enter General Information
2. Open New Accounts
3. Enter Email Address For Updates and Alerts
4. Create Username And Password Login
5. Deposit Starting Balance
6. Exit Instructions
Welcome and thank you for choosing the Revature Banking Application
--------------------------------------------------------------------
1. New Customer? Want To Open An Account
2. Returning Customer? 
3. Employees Only
4. Exit Application
Enter your choice : 

Opening New Account Instructions
-----------------------------
1. Enter General Information
2. Open New Accounts
3. Enter Email Address For Updates and Alerts
4. Create Username And Password Login
5. Deposit Starting Balance
6. Exit Instructions
Please enter Customer Address : 
Entered Customer Address is INVALID!!

Opening New Account Instructions
-----------------------------
1. Enter General Information
2. Open New Accounts
3. Enter Email Address For Updates and Alerts
4. Create Username And Password Login
5. Deposit Starting Balance
6. Exit Instructions
Welcome and thank you for choosing the Revature Banking Application
--------------------------------------------------------------------
1. New Customer? Want To Open An Account
2. Returning Customer? 
3. Employees Only
4. Exit Application
Enter your choice : 

Opening New Account Instructions
-----------------------------
1. Enter General Information
2. Open New Accounts
3. Enter Email Address For Updates and Alerts
4. Create Username And Password Login
5. Deposit Starting Balance
6. Exit Instructions
Invalid menu option, please try again!

Opening New Account Instructions
-----------------------------
1. Enter General Information
2. Open New Accounts
3. Enter Email Address For Updates and Alerts
4. Create Username And Password Login
5. Deposit Starting Balance
6. Exit Instructions
Please enter Customer Address : 
Internal error occurred contact SYSADMIN

Opening New Account Instructions
-----------------------------
1. Enter General Information
2. Open New Accounts
3. Enter Email Address For Updates and Alerts
4. Create Username And Password Login
5. Deposit Starting Balance
6. Exit Instructions
Welcome and thank you for choosing the Revature Banking Application
--------------------------------------------------------------------
1. New Customer? Want To Open An Account
2. Returning Customer? 
3. Employees Only
4. Exit Application
Enter your choice : 

Opening New Account Instructions
-----------------------------
1. Enter General Information
2. Open New Accounts
3. Enter Email Address For Updates and Alerts
4. Create Username And Password Login
5. Deposit Starting Balance
6. Exit Instructions
Please enter Customer Address : 
Internal error occurred contact SYSADMIN

Opening New Account Instructions
-----------------------------
1. Enter General Information
2. Open New Accounts
3. Enter Email Address For Updates and Alerts
4. Create Username And Password Login
5. Deposit Starting Balance
6. Exit Instructions
Welcome and thank you for choosing the Revature Banking Application
--------------------------------------------------------------------
1. New Customer? Want To Open An Account
2. Returning Customer? 
3. Employees Only
4. Exit Application
Enter your choice : 

Opening New Account Instructions
-----------------------------
1. Enter General Information
2. Open New Accounts
3. Enter Email Address For Updates and Alerts
4. Create Username And Password Login
5. Deposit Starting Balance
6. Exit Instructions
Please enter Customer Address : 
Internal error occurred contact SYSADMIN
Please enter City : 
Welcome and thank you for choosing the Revature Banking Application
--------------------------------------------------------------------
1. New Customer? Want To Open An Account
2. Returning Customer? 
3. Employees Only
4. Exit Application
Enter your choice : 

Opening New Account Instructions
-----------------------------
1. Enter General Information
2. Open New Accounts
3. Enter Email Address For Updates and Alerts
4. Create Username And Password Login
5. Deposit Starting Balance
6. Exit Instructions
Please enter Customer Address : 
Entered Customer Address is INVALID!!
Please enter City : 
Internal error occurred contact SYSADMIN

Opening New Account Instructions
-----------------------------
1. Enter General Information
2. Open New Accounts
3. Enter Email Address For Updates and Alerts
4. Create Username And Password Login
5. Deposit Starting Balance
6. Exit Instructions
Welcome and thank you for choosing the Revature Banking Application
--------------------------------------------------------------------
1. New Customer? Want To Open An Account
2. Returning Customer? 
3. Employees Only
4. Exit Application
Enter your choice : 

Opening New Account Instructions
-----------------------------
1. Enter General Information
2. Open New Accounts
3. Enter Email Address For Updates and Alerts
4. Create Username And Password Login
5. Deposit Starting Balance
6. Exit Instructions
Please enter FirstName : 
Please enter MiddleName : 
Please enter LastName : 
Please enter Date Of Birth : 
Please enter Customer Address : 
Internal error occurred contact SYSADMIN
Please enter City : 
Internal error occurred contact SYSADMIN

Opening New Account Instructions
-----------------------------
1. Enter General Information
2. Open New Accounts
3. Enter Email Address For Updates and Alerts
4. Create Username And Password Login
5. Deposit Starting Balance
6. Exit Instructions
Welcome and thank you for choosing the Revature Banking Application
--------------------------------------------------------------------
1. New Customer? Want To Open An Account
2. Returning Customer? 
3. Employees Only
4. Exit Application
Enter your choice : 

Opening New Account Instructions
-----------------------------
1. Enter General Information
2. Open New Accounts
3. Enter Email Address For Updates and Alerts
4. Create Username And Password Login
5. Deposit Starting Balance
6. Exit Instructions
Please enter FirstName : 
Please enter MiddleName : 
Entered Middle Name is INVALID!!
Please enter LastName : 
Please enter Date Of Birth : 
Entered Date of Birth is INVALID!!
Please enter Customer Address : 
Entered Customer Address is INVALID!!
Please enter City : 
Internal error occurred contact SYSADMIN
Please enter State : 
Internal error occurred contact SYSADMIN
Please enter Gender : 
Internal error occurred contact SYSADMIN

Opening New Account Instructions
-----------------------------
1. Enter General Information
2. Open New Accounts
3. Enter Email Address For Updates and Alerts
4. Create Username And Password Login
5. Deposit Starting Balance
6. Exit Instructions
